[2025-08-12 01:16:43.021] [info] Using configuration file /home/es46/.config/waybar/config
[2025-08-12 01:16:43.026] [info] Unable to receive desktop appearance: GDBus.Error:org.freedesktop.DBus.Error.UnknownMethod: No such interface “org.freedesktop.portal.Settings” on object at path /org/freedesktop/portal/desktop
[2025-08-12 01:16:43.026] [info] Using CSS file /home/es46/.config/waybar/style.css
[2025-08-12 01:16:43.041] [warning] Failed to open bar ipc connection: Socket path is empty
[2025-08-12 01:16:43.042] [info] Hyprland IPC starting
[2025-08-12 01:16:43.043] [info] Loading persistent workspaces from Waybar config
[2025-08-12 01:16:43.043] [info] Loading persistent workspaces from Hyprland workspace rules
[2025-08-12 01:16:44.043] [error] memory: missing '}' in format string
[2025-08-12 01:16:44.060] [info] Bar configured (width: 1920, height: 38) for output: eDP-1
Gdk-Message: 01:16:50.243: Unable to load hand2 from the cursor theme
Gdk-Message: 01:16:50.643: Unable to load arrow from the cursor theme
Gdk-Message: 01:16:50.643: Unable to load hand2 from the cursor theme
Gdk-Message: 01:16:50.793: Unable to load arrow from the cursor theme
Gdk-Message: 01:16:52.853: Unable to load hand2 from the cursor theme
Gdk-Message: 01:16:53.044: Unable to load arrow from the cursor theme
Gdk-Message: 01:16:53.044: Unable to load hand2 from the cursor theme
[0.101] Ignoring unknown config key: TERM
Gdk-Message: 01:16:53.611: Unable to load arrow from the cursor theme
[0,372] [glfw error 65544]: process_desktop_settings: failed with error: org.freedesktop.DBus.Error.UnknownMethod: No such interface “org.freedesktop.portal.Settings” on object at path /org/freedesktop/portal/desktop
Gdk-Message: 01:16:54.431: Unable to load hand2 from the cursor theme
Gdk-Message: 01:16:54.437: Unable to load arrow from the cursor theme
Gdk-Message: 01:16:54.437: Unable to load hand2 from the cursor theme
Gdk-Message: 01:16:54.444: Unable to load arrow from the cursor theme
[2025-08-12 01:17:13.902] [error] memory: missing '}' in format string
[2025-08-12 01:17:43.903] [error] memory: missing '}' in format string
[2025-08-12 01:18:13.903] [error] memory: missing '}' in format string
Gdk-Message: 01:18:14.673: Unable to load hand2 from the cursor theme
Gdk-Message: 01:18:14.693: Unable to load arrow from the cursor theme
Gdk-Message: 01:18:14.693: Unable to load hand2 from the cursor theme
Gdk-Message: 01:18:14.707: Unable to load arrow from the cursor theme
Gdk-Message: 01:18:14.938: Unable to load hand2 from the cursor theme
Gdk-Message: 01:18:14.999: Unable to load arrow from the cursor theme
Gdk-Message: 01:18:15.081: Unable to load hand2 from the cursor theme
Gdk-Message: 01:18:16.012: Unable to load arrow from the cursor theme
Gdk-Message: 01:18:16.012: Unable to load hand2 from the cursor theme
Gdk-Message: 01:18:20.206: Unable to load arrow from the cursor theme
Gdk-Message: 01:18:20.206: Unable to load hand2 from the cursor theme
[0.098] Ignoring unknown config key: TERM
Gdk-Message: 01:18:20.977: Unable to load arrow from the cursor theme
[0,378] [glfw error 65544]: process_desktop_settings: failed with error: org.freedesktop.DBus.Error.UnknownMethod: No such interface “org.freedesktop.portal.Settings” on object at path /org/freedesktop/portal/desktop
Gdk-Message: 01:18:21.764: Unable to load hand2 from the cursor theme
Gdk-Message: 01:18:21.770: Unable to load arrow from the cursor theme
[2025-08-12 01:18:43.903] [error] memory: missing '}' in format string
[2025-08-12 01:19:13.903] [error] memory: missing '}' in format string
[2025-08-12 01:19:43.903] [error] memory: missing '}' in format string
[2025-08-12 01:20:13.904] [error] memory: missing '}' in format string
[2025-08-12 01:20:43.904] [error] memory: missing '}' in format string
[2025-08-12 01:21:00.108] [info] Hyprland config reloaded, reinitializing hyprland/workspaces module...
[2025-08-12 01:21:00.180] [info] Loading persistent workspaces from Waybar config
[2025-08-12 01:21:00.180] [info] Loading persistent workspaces from Hyprland workspace rules
[2025-08-12 01:21:00.188] [info] Hyprland config reloaded, reinitializing hyprland/workspaces module...
[2025-08-12 01:21:00.189] [info] Loading persistent workspaces from Waybar config
[2025-08-12 01:21:00.189] [info] Loading persistent workspaces from Hyprland workspace rules
Gdk-Message: 01:21:07.288: Unable to load hand2 from the cursor theme
Gdk-Message: 01:21:07.301: Unable to load arrow from the cursor theme
Gdk-Message: 01:21:07.301: Unable to load hand2 from the cursor theme
Gdk-Message: 01:21:07.337: Unable to load arrow from the cursor theme
Gdk-Message: 01:21:07.337: Unable to load hand2 from the cursor theme
Gdk-Message: 01:21:07.648: Unable to load arrow from the cursor theme
Gdk-Message: 01:21:07.648: Unable to load hand2 from the cursor theme
Gdk-Message: 01:21:07.730: Unable to load arrow from the cursor theme
Gdk-Message: 01:21:07.730: Unable to load hand2 from the cursor theme
[0.094] Ignoring unknown config key: TERM
Gdk-Message: 01:21:08.587: Unable to load arrow from the cursor theme
[0,357] [glfw error 65544]: process_desktop_settings: failed with error: org.freedesktop.DBus.Error.UnknownMethod: No such interface “org.freedesktop.portal.Settings” on object at path /org/freedesktop/portal/desktop
Gdk-Message: 01:21:09.240: Unable to load hand2 from the cursor theme
Gdk-Message: 01:21:09.246: Unable to load arrow from the cursor theme
[2025-08-12 01:21:13.904] [error] memory: missing '}' in format string
[2025-08-12 01:21:43.904] [error] memory: missing '}' in format string
[2025-08-12 01:22:13.904] [error] memory: missing '}' in format string
[2025-08-12 01:22:43.905] [error] memory: missing '}' in format string
[2025-08-12 01:23:13.905] [error] memory: missing '}' in format string
[2025-08-12 01:23:43.905] [error] memory: missing '}' in format string
[2025-08-12 01:24:13.908] [error] memory: missing '}' in format string
[2025-08-12 01:24:43.908] [error] memory: missing '}' in format string
[2025-08-12 01:25:13.908] [error] memory: missing '}' in format string
[2025-08-12 01:25:43.908] [error] memory: missing '}' in format string
[2025-08-12 01:26:13.908] [error] memory: missing '}' in format string
[2025-08-12 01:26:43.908] [error] memory: missing '}' in format string
[2025-08-12 01:27:13.908] [error] memory: missing '}' in format string
[2025-08-12 01:27:43.909] [error] memory: missing '}' in format string
[2025-08-12 01:28:13.909] [error] memory: missing '}' in format string
[2025-08-12 01:28:43.909] [error] memory: missing '}' in format string
[2025-08-12 01:29:13.910] [error] memory: missing '}' in format string
[2025-08-12 01:29:43.909] [error] memory: missing '}' in format string
[2025-08-12 01:30:13.910] [error] memory: missing '}' in format string
[2025-08-12 01:30:43.910] [error] memory: missing '}' in format string
[2025-08-12 01:31:13.910] [error] memory: missing '}' in format string
[2025-08-12 01:31:43.911] [error] memory: missing '}' in format string
[2025-08-12 01:32:13.911] [error] memory: missing '}' in format string
[2025-08-12 01:32:43.911] [error] memory: missing '}' in format string
[2025-08-12 01:33:13.912] [error] memory: missing '}' in format string
[2025-08-12 01:33:43.912] [error] memory: missing '}' in format string
[2025-08-12 01:34:13.912] [error] memory: missing '}' in format string
[2025-08-12 01:34:43.912] [error] memory: missing '}' in format string
[2025-08-12 01:35:13.912] [error] memory: missing '}' in format string
[2025-08-12 01:35:43.912] [error] memory: missing '}' in format string
[2025-08-12 01:36:13.912] [error] memory: missing '}' in format string
[2025-08-12 01:36:43.912] [error] memory: missing '}' in format string
[2025-08-12 01:37:13.913] [error] memory: missing '}' in format string
[2025-08-12 01:37:43.913] [error] memory: missing '}' in format string
[2025-08-12 01:38:13.913] [error] memory: missing '}' in format string
[2025-08-12 01:38:43.913] [error] memory: missing '}' in format string
[2025-08-12 01:39:13.913] [error] memory: missing '}' in format string
[2025-08-12 01:39:43.914] [error] memory: missing '}' in format string
[2025-08-12 01:40:13.914] [error] memory: missing '}' in format string
[2025-08-12 01:40:43.914] [error] memory: missing '}' in format string
[2025-08-12 01:41:13.914] [error] memory: missing '}' in format string
[2025-08-12 01:41:43.914] [error] memory: missing '}' in format string
[2025-08-12 01:42:13.915] [error] memory: missing '}' in format string
[2025-08-12 01:42:43.915] [error] memory: missing '}' in format string
[2025-08-12 01:43:13.915] [error] memory: missing '}' in format string
[2025-08-12 01:43:43.915] [error] memory: missing '}' in format string
[2025-08-12 01:43:53.160] [info] Hyprland config reloaded, reinitializing hyprland/workspaces module...
[2025-08-12 01:43:53.264] [info] Loading persistent workspaces from Waybar config
[2025-08-12 01:43:53.264] [info] Loading persistent workspaces from Hyprland workspace rules
[2025-08-12 01:43:53.273] [info] Hyprland config reloaded, reinitializing hyprland/workspaces module...
[2025-08-12 01:43:53.275] [info] Loading persistent workspaces from Waybar config
[2025-08-12 01:43:53.275] [info] Loading persistent workspaces from Hyprland workspace rules
Gdk-Message: 01:44:06.597: Unable to load hand2 from the cursor theme
Gdk-Message: 01:44:06.651: Unable to load arrow from the cursor theme
Gdk-Message: 01:44:06.651: Unable to load hand2 from the cursor theme
[0.099] Ignoring unknown config key: TERM
Gdk-Message: 01:44:07.415: Unable to load arrow from the cursor theme
[0,364] [glfw error 65544]: process_desktop_settings: failed with error: org.freedesktop.DBus.Error.UnknownMethod: No such interface “org.freedesktop.portal.Settings” on object at path /org/freedesktop/portal/desktop
Gdk-Message: 01:44:08.373: Unable to load hand2 from the cursor theme
Gdk-Message: 01:44:08.392: Unable to load arrow from the cursor theme
Gdk-Message: 01:44:08.392: Unable to load hand2 from the cursor theme
Gdk-Message: 01:44:08.399: Unable to load arrow from the cursor theme
[2025-08-12 01:44:13.915] [error] memory: missing '}' in format string
Gdk-Message: 01:44:26.863: Unable to load hand2 from the cursor theme
Gdk-Message: 01:44:26.870: Unable to load arrow from the cursor theme
Gdk-Message: 01:44:26.870: Unable to load hand2 from the cursor theme
Gdk-Message: 01:44:28.200: Unable to load arrow from the cursor theme
Gdk-Message: 01:44:28.200: Unable to load hand2 from the cursor theme
[0.096] Ignoring unknown config key: TERM
Gdk-Message: 01:44:28.900: Unable to load arrow from the cursor theme
[0,342] [glfw error 65544]: process_desktop_settings: failed with error: org.freedesktop.DBus.Error.UnknownMethod: No such interface “org.freedesktop.portal.Settings” on object at path /org/freedesktop/portal/desktop
Gdk-Message: 01:44:29.651: Unable to load hand2 from the cursor theme
Gdk-Message: 01:44:29.664: Unable to load arrow from the cursor theme
[2025-08-12 01:44:43.915] [error] memory: missing '}' in format string
[2025-08-12 01:45:13.915] [error] memory: missing '}' in format string
[2025-08-12 01:45:43.915] [error] memory: missing '}' in format string
[2025-08-12 01:46:13.916] [error] memory: missing '}' in format string
[2025-08-12 01:46:43.916] [error] memory: missing '}' in format string
Gdk-Message: 01:46:53.182: Unable to load hand2 from the cursor theme
Gdk-Message: 01:46:53.536: Unable to load arrow from the cursor theme
[2025-08-12 01:47:02.333] [info] Hyprland config reloaded, reinitializing hyprland/workspaces module...
[2025-08-12 01:47:02.411] [info] Loading persistent workspaces from Waybar config
[2025-08-12 01:47:02.411] [info] Loading persistent workspaces from Hyprland workspace rules
[2025-08-12 01:47:02.424] [info] Hyprland config reloaded, reinitializing hyprland/workspaces module...
[2025-08-12 01:47:02.425] [info] Loading persistent workspaces from Waybar config
[2025-08-12 01:47:02.426] [info] Loading persistent workspaces from Hyprland workspace rules
[2025-08-12 01:47:13.916] [error] memory: missing '}' in format string
Gdk-Message: 01:47:14.279: Unable to load hand2 from the cursor theme
Gdk-Message: 01:47:14.367: Unable to load arrow from the cursor theme
Gdk-Message: 01:47:16.508: Unable to load hand2 from the cursor theme
[0.101] Ignoring unknown config key: TERM
Gdk-Message: 01:47:17.064: Unable to load arrow from the cursor theme
[0,356] [glfw error 65544]: process_desktop_settings: failed with error: org.freedesktop.DBus.Error.UnknownMethod: No such interface “org.freedesktop.portal.Settings” on object at path /org/freedesktop/portal/desktop
Gdk-Message: 01:47:17.664: Unable to load hand2 from the cursor theme
Gdk-Message: 01:47:17.678: Unable to load arrow from the cursor theme
[2025-08-12 01:47:43.916] [error] memory: missing '}' in format string
[2025-08-12 01:48:12.737] [info] Hyprland config reloaded, reinitializing hyprland/workspaces module...
[2025-08-12 01:48:12.823] [info] Loading persistent workspaces from Waybar config
[2025-08-12 01:48:12.824] [info] Loading persistent workspaces from Hyprland workspace rules
[2025-08-12 01:48:12.833] [info] Hyprland config reloaded, reinitializing hyprland/workspaces module...
[2025-08-12 01:48:12.834] [info] Loading persistent workspaces from Waybar config
[2025-08-12 01:48:12.834] [info] Loading persistent workspaces from Hyprland workspace rules
[2025-08-12 01:48:13.916] [error] memory: missing '}' in format string
[2025-08-12 01:48:43.916] [error] memory: missing '}' in format string
[2025-08-12 01:49:13.916] [error] memory: missing '}' in format string
[2025-08-12 01:49:43.917] [error] memory: missing '}' in format string
[2025-08-12 01:50:13.917] [error] memory: missing '}' in format string
[2025-08-12 01:50:43.917] [error] memory: missing '}' in format string
[2025-08-12 01:51:13.917] [error] memory: missing '}' in format string
[2025-08-12 01:51:43.917] [error] memory: missing '}' in format string
[2025-08-12 01:52:13.917] [error] memory: missing '}' in format string
[2025-08-12 01:52:43.918] [error] memory: missing '}' in format string
[2025-08-12 01:52:54.494] [info] Hyprland config reloaded, reinitializing hyprland/workspaces module...
[2025-08-12 01:52:54.574] [info] Loading persistent workspaces from Waybar config
[2025-08-12 01:52:54.575] [info] Loading persistent workspaces from Hyprland workspace rules
[2025-08-12 01:52:54.611] [info] Hyprland config reloaded, reinitializing hyprland/workspaces module...
[2025-08-12 01:52:54.612] [info] Loading persistent workspaces from Waybar config
[2025-08-12 01:52:54.612] [info] Loading persistent workspaces from Hyprland workspace rules
[2025-08-12 01:53:13.917] [error] memory: missing '}' in format string
Gdk-Message: 01:53:14.275: Unable to load hand2 from the cursor theme
Gdk-Message: 01:53:14.302: Unable to load arrow from the cursor theme
Gdk-Message: 01:53:14.302: Unable to load hand2 from the cursor theme
Gdk-Message: 01:53:14.621: Unable to load arrow from the cursor theme
Gdk-Message: 01:53:14.621: Unable to load hand2 from the cursor theme
[0.078] Ignoring unknown config key: TERM
Gdk-Message: 01:53:15.077: Unable to load arrow from the cursor theme
[0,264] [glfw error 65544]: process_desktop_settings: failed with error: org.freedesktop.DBus.Error.UnknownMethod: No such interface “org.freedesktop.portal.Settings” on object at path /org/freedesktop/portal/desktop
Gdk-Message: 01:53:15.886: Unable to load hand2 from the cursor theme
Gdk-Message: 01:53:15.892: Unable to load arrow from the cursor theme
[2025-08-12 01:53:43.918] [error] memory: missing '}' in format string
[2025-08-12 01:54:13.918] [error] memory: missing '}' in format string
[2025-08-12 01:54:43.918] [error] memory: missing '}' in format string
[2025-08-12 01:55:13.918] [error] memory: missing '}' in format string
[2025-08-12 01:55:43.918] [error] memory: missing '}' in format string
[2025-08-12 01:56:13.918] [error] memory: missing '}' in format string
[2025-08-12 01:56:43.919] [error] memory: missing '}' in format string
[2025-08-12 01:57:13.919] [error] memory: missing '}' in format string
[2025-08-12 01:57:28.636] [info] Hyprland config reloaded, reinitializing hyprland/workspaces module...
[2025-08-12 01:57:28.690] [info] Loading persistent workspaces from Waybar config
[2025-08-12 01:57:28.690] [info] Loading persistent workspaces from Hyprland workspace rules
[2025-08-12 01:57:28.697] [info] Hyprland config reloaded, reinitializing hyprland/workspaces module...
[2025-08-12 01:57:28.698] [info] Loading persistent workspaces from Waybar config
[2025-08-12 01:57:28.698] [info] Loading persistent workspaces from Hyprland workspace rules
[2025-08-12 01:57:43.919] [error] memory: missing '}' in format string
Gdk-Message: 01:57:55.743: Unable to load hand2 from the cursor theme
Gdk-Message: 01:57:55.749: Unable to load arrow from the cursor theme
Gdk-Message: 01:57:55.749: Unable to load hand2 from the cursor theme
Gdk-Message: 01:57:55.783: Unable to load arrow from the cursor theme
Gdk-Message: 01:57:55.783: Unable to load hand2 from the cursor theme
Gdk-Message: 01:57:55.803: Unable to load arrow from the cursor theme
Gdk-Message: 01:57:56.103: Unable to load hand2 from the cursor theme
Gdk-Message: 01:57:56.144: Unable to load arrow from the cursor theme
Gdk-Message: 01:57:56.144: Unable to load hand2 from the cursor theme
Gdk-Message: 01:57:57.700: Unable to load arrow from the cursor theme
Gdk-Message: 01:57:57.700: Unable to load hand2 from the cursor theme
[0.076] Ignoring unknown config key: TERM
Gdk-Message: 01:57:58.216: Unable to load arrow from the cursor theme
[0,264] [glfw error 65544]: process_desktop_settings: failed with error: org.freedesktop.DBus.Error.UnknownMethod: No such interface “org.freedesktop.portal.Settings” on object at path /org/freedesktop/portal/desktop
Gdk-Message: 01:57:59.155: Unable to load hand2 from the cursor theme
Gdk-Message: 01:57:59.196: Unable to load arrow from the cursor theme
Gdk-Message: 01:58:03.975: Unable to load hand2 from the cursor theme
Gdk-Message: 01:58:04.790: Unable to load arrow from the cursor theme
Gdk-Message: 01:58:04.790: Unable to load hand2 from the cursor theme
Gdk-Message: 01:58:04.987: Unable to load arrow from the cursor theme
Gdk-Message: 01:58:04.987: Unable to load hand2 from the cursor theme
Gdk-Message: 01:58:05.205: Unable to load arrow from the cursor theme
Gdk-Message: 01:58:05.205: Unable to load hand2 from the cursor theme
Gdk-Message: 01:58:05.538: Unable to load arrow from the cursor theme
Gdk-Message: 01:58:05.538: Unable to load hand2 from the cursor theme
[0.076] Ignoring unknown config key: TERM
Gdk-Message: 01:58:06.004: Unable to load arrow from the cursor theme
[0,262] [glfw error 65544]: process_desktop_settings: failed with error: org.freedesktop.DBus.Error.UnknownMethod: No such interface “org.freedesktop.portal.Settings” on object at path /org/freedesktop/portal/desktop
Gdk-Message: 01:58:06.633: Unable to load hand2 from the cursor theme
Gdk-Message: 01:58:06.646: Unable to load arrow from the cursor theme
[2025-08-12 01:58:13.919] [error] memory: missing '}' in format string
[2025-08-12 01:58:43.919] [error] memory: missing '}' in format string
[2025-08-12 01:59:13.919] [error] memory: missing '}' in format string
[2025-08-12 01:59:43.919] [error] memory: missing '}' in format string
[2025-08-12 02:00:08.627] [info] Hyprland config reloaded, reinitializing hyprland/workspaces module...
[2025-08-12 02:00:08.717] [info] Loading persistent workspaces from Waybar config
[2025-08-12 02:00:08.717] [info] Loading persistent workspaces from Hyprland workspace rules
[2025-08-12 02:00:08.725] [info] Hyprland config reloaded, reinitializing hyprland/workspaces module...
[2025-08-12 02:00:08.725] [info] Loading persistent workspaces from Waybar config
[2025-08-12 02:00:08.725] [info] Loading persistent workspaces from Hyprland workspace rules
[2025-08-12 02:00:13.919] [error] memory: missing '}' in format string
Gdk-Message: 02:00:23.926: Unable to load hand2 from the cursor theme
Gdk-Message: 02:00:24.458: Unable to load arrow from the cursor theme
Gdk-Message: 02:00:24.458: Unable to load hand2 from the cursor theme
[0.077] Ignoring unknown config key: TERM
Gdk-Message: 02:00:25.277: Unable to load arrow from the cursor theme
[0,267] [glfw error 65544]: process_desktop_settings: failed with error: org.freedesktop.DBus.Error.UnknownMethod: No such interface “org.freedesktop.portal.Settings” on object at path /org/freedesktop/portal/desktop
Gdk-Message: 02:00:26.277: Unable to load hand2 from the cursor theme
Gdk-Message: 02:00:26.284: Unable to load arrow from the cursor theme
[2025-08-12 02:00:43.919] [error] memory: missing '}' in format string
[2025-08-12 02:01:13.920] [error] memory: missing '}' in format string
[2025-08-12 02:01:43.920] [error] memory: missing '}' in format string
[2025-08-12 02:02:13.920] [error] memory: missing '}' in format string
[2025-08-12 02:02:43.920] [error] memory: missing '}' in format string
[2025-08-12 02:03:13.921] [error] memory: missing '}' in format string
[2025-08-12 02:03:43.921] [error] memory: missing '}' in format string
[2025-08-12 02:04:13.921] [error] memory: missing '}' in format string
[2025-08-12 02:04:43.921] [error] memory: missing '}' in format string
[2025-08-12 02:05:13.921] [error] memory: missing '}' in format string
[2025-08-12 02:05:43.922] [error] memory: missing '}' in format string
[2025-08-12 02:05:47.750] [info] Hyprland config reloaded, reinitializing hyprland/workspaces module...
[2025-08-12 02:05:47.806] [info] Loading persistent workspaces from Waybar config
[2025-08-12 02:05:47.806] [info] Loading persistent workspaces from Hyprland workspace rules
[2025-08-12 02:05:47.813] [info] Hyprland config reloaded, reinitializing hyprland/workspaces module...
[2025-08-12 02:05:47.814] [info] Loading persistent workspaces from Waybar config
[2025-08-12 02:05:47.814] [info] Loading persistent workspaces from Hyprland workspace rules
Gdk-Message: 02:05:59.299: Unable to load hand2 from the cursor theme
Gdk-Message: 02:05:59.312: Unable to load arrow from the cursor theme
Gdk-Message: 02:05:59.591: Unable to load hand2 from the cursor theme
Gdk-Message: 02:05:59.618: Unable to load arrow from the cursor theme
Gdk-Message: 02:05:59.618: Unable to load hand2 from the cursor theme
Gdk-Message: 02:05:59.836: Unable to load arrow from the cursor theme
Gdk-Message: 02:05:59.836: Unable to load hand2 from the cursor theme
[0.078] Ignoring unknown config key: TERM
Gdk-Message: 02:06:00.331: Unable to load arrow from the cursor theme
[0,296] [glfw error 65544]: process_desktop_settings: failed with error: org.freedesktop.DBus.Error.UnknownMethod: No such interface “org.freedesktop.portal.Settings” on object at path /org/freedesktop/portal/desktop
Gdk-Message: 02:06:01.095: Unable to load hand2 from the cursor theme
Gdk-Message: 02:06:01.107: Unable to load arrow from the cursor theme
[2025-08-12 02:06:13.922] [error] memory: missing '}' in format string
[2025-08-12 02:06:43.922] [error] memory: missing '}' in format string
[2025-08-12 02:07:13.922] [error] memory: missing '}' in format string
[2025-08-12 02:07:43.922] [error] memory: missing '}' in format string
[2025-08-12 02:08:13.922] [error] memory: missing '}' in format string
Gdk-Message: 02:08:19.273: Unable to load hand2 from the cursor theme
Gdk-Message: 02:08:19.593: Unable to load arrow from the cursor theme
[2025-08-12 02:08:43.922] [error] memory: missing '}' in format string
[2025-08-12 02:09:13.922] [error] memory: missing '}' in format string
[2025-08-12 02:09:43.922] [error] memory: missing '}' in format string
[2025-08-12 02:10:13.922] [error] memory: missing '}' in format string
[2025-08-12 02:10:43.922] [error] memory: missing '}' in format string
[2025-08-12 02:11:13.923] [error] memory: missing '}' in format string
[2025-08-12 02:11:43.923] [error] memory: missing '}' in format string
[2025-08-12 02:12:13.923] [error] memory: missing '}' in format string
[2025-08-12 02:12:43.923] [error] memory: missing '}' in format string
[2025-08-12 02:13:13.923] [error] memory: missing '}' in format string
[2025-08-12 02:13:43.923] [error] memory: missing '}' in format string
[2025-08-12 02:14:13.923] [error] memory: missing '}' in format string
[2025-08-12 02:14:43.924] [error] memory: missing '}' in format string
[2025-08-12 02:15:13.923] [error] memory: missing '}' in format string
[2025-08-12 02:15:43.924] [error] memory: missing '}' in format string
[2025-08-12 02:16:13.924] [error] memory: missing '}' in format string
[2025-08-12 02:16:21.832] [info] Hyprland config reloaded, reinitializing hyprland/workspaces module...
[2025-08-12 02:16:21.887] [info] Loading persistent workspaces from Waybar config
[2025-08-12 02:16:21.887] [info] Loading persistent workspaces from Hyprland workspace rules
[2025-08-12 02:16:21.894] [info] Hyprland config reloaded, reinitializing hyprland/workspaces module...
[2025-08-12 02:16:21.895] [info] Loading persistent workspaces from Waybar config
[2025-08-12 02:16:21.895] [info] Loading persistent workspaces from Hyprland workspace rules
Gdk-Message: 02:16:32.444: Unable to load hand2 from the cursor theme
[0.076] Ignoring unknown config key: TERM
Gdk-Message: 02:16:32.956: Unable to load arrow from the cursor theme
[0,266] [glfw error 65544]: process_desktop_settings: failed with error: org.freedesktop.DBus.Error.UnknownMethod: No such interface “org.freedesktop.portal.Settings” on object at path /org/freedesktop/portal/desktop
Gdk-Message: 02:16:33.728: Unable to load hand2 from the cursor theme
Gdk-Message: 02:16:33.743: Unable to load arrow from the cursor theme
[2025-08-12 02:16:43.924] [error] memory: missing '}' in format string
[2025-08-12 02:17:13.924] [error] memory: missing '}' in format string
[2025-08-12 02:17:43.925] [error] memory: missing '}' in format string
[2025-08-12 02:18:13.925] [error] memory: missing '}' in format string
[2025-08-12 02:18:43.925] [error] memory: missing '}' in format string
[2025-08-12 02:19:13.925] [error] memory: missing '}' in format string
[2025-08-12 02:19:43.926] [error] memory: missing '}' in format string
[2025-08-12 02:20:13.926] [error] memory: missing '}' in format string
[2025-08-12 02:20:43.926] [error] memory: missing '}' in format string
[2025-08-12 02:21:13.927] [error] memory: missing '}' in format string
[2025-08-12 02:21:43.927] [error] memory: missing '}' in format string
[2025-08-12 02:22:13.927] [error] memory: missing '}' in format string
[2025-08-12 02:22:43.927] [error] memory: missing '}' in format string
[2025-08-12 02:23:13.928] [error] memory: missing '}' in format string
[2025-08-12 02:23:43.928] [error] memory: missing '}' in format string
[2025-08-12 02:24:13.928] [error] memory: missing '}' in format string
[2025-08-12 02:24:43.929] [error] memory: missing '}' in format string
[2025-08-12 02:25:13.929] [error] memory: missing '}' in format string
Gdk-Message: 02:25:36.389: Unable to load hand2 from the cursor theme
Gdk-Message: 02:25:36.396: Unable to load arrow from the cursor theme
Gdk-Message: 02:25:36.695: Unable to load hand2 from the cursor theme
Gdk-Message: 02:25:36.715: Unable to load arrow from the cursor theme
Gdk-Message: 02:25:36.715: Unable to load hand2 from the cursor theme
Gdk-Message: 02:25:36.722: Unable to load arrow from the cursor theme
[2025-08-12 02:25:43.929] [error] memory: missing '}' in format string
[2025-08-12 02:26:13.929] [error] memory: missing '}' in format string
[2025-08-12 02:26:43.929] [error] memory: missing '}' in format string
[2025-08-12 02:27:13.930] [error] memory: missing '}' in format string
Gdk-Message: 02:27:20.581: Unable to load hand2 from the cursor theme
Gdk-Message: 02:27:20.833: Unable to load arrow from the cursor theme
[2025-08-12 02:27:43.930] [error] memory: missing '}' in format string
[2025-08-12 02:28:13.930] [error] memory: missing '}' in format string
[2025-08-12 02:28:43.930] [error] memory: missing '}' in format string
[2025-08-12 02:29:13.931] [error] memory: missing '}' in format string
[2025-08-12 02:29:43.931] [error] memory: missing '}' in format string
[2025-08-12 02:30:13.931] [error] memory: missing '}' in format string
[2025-08-12 02:30:43.932] [error] memory: missing '}' in format string
[2025-08-12 02:31:13.932] [error] memory: missing '}' in format string
[2025-08-12 02:31:43.932] [error] memory: missing '}' in format string
[2025-08-12 02:32:13.933] [error] memory: missing '}' in format string
[2025-08-12 02:32:43.933] [error] memory: missing '}' in format string
[2025-08-12 02:33:13.933] [error] memory: missing '}' in format string
[2025-08-12 02:33:43.933] [error] memory: missing '}' in format string
[2025-08-12 02:34:13.933] [error] memory: missing '}' in format string
[2025-08-12 02:34:43.933] [error] memory: missing '}' in format string
[2025-08-12 02:35:13.934] [error] memory: missing '}' in format string
[2025-08-12 02:35:43.934] [error] memory: missing '}' in format string
[2025-08-12 02:36:13.934] [error] memory: missing '}' in format string
[2025-08-12 02:36:43.934] [error] memory: missing '}' in format string
[2025-08-12 02:37:13.934] [error] memory: missing '}' in format string
[2025-08-12 02:37:43.934] [error] memory: missing '}' in format string
[2025-08-12 02:38:13.935] [error] memory: missing '}' in format string
[2025-08-12 02:38:43.935] [error] memory: missing '}' in format string
[2025-08-12 02:39:13.935] [error] memory: missing '}' in format string
[2025-08-12 02:39:43.935] [error] memory: missing '}' in format string
[2025-08-12 02:40:13.935] [error] memory: missing '}' in format string
[2025-08-12 02:40:43.935] [error] memory: missing '}' in format string
[2025-08-12 02:41:13.936] [error] memory: missing '}' in format string
[2025-08-12 02:41:43.936] [error] memory: missing '}' in format string
[2025-08-12 02:42:13.936] [error] memory: missing '}' in format string
[2025-08-12 02:42:43.936] [error] memory: missing '}' in format string
[2025-08-12 02:43:13.936] [error] memory: missing '}' in format string
[2025-08-12 02:43:43.937] [error] memory: missing '}' in format string
[2025-08-12 02:44:13.937] [error] memory: missing '}' in format string
[2025-08-12 02:44:43.937] [error] memory: missing '}' in format string
[2025-08-12 02:45:13.937] [error] memory: missing '}' in format string
[2025-08-12 02:45:43.937] [error] memory: missing '}' in format string
[2025-08-12 02:46:13.937] [error] memory: missing '}' in format string
[2025-08-12 02:46:43.937] [error] memory: missing '}' in format string
[2025-08-12 02:47:13.937] [error] memory: missing '}' in format string
[2025-08-12 02:47:43.937] [error] memory: missing '}' in format string
[2025-08-12 02:48:13.937] [error] memory: missing '}' in format string
[2025-08-12 02:48:43.937] [error] memory: missing '}' in format string
[2025-08-12 02:49:13.937] [error] memory: missing '}' in format string
[2025-08-12 02:49:43.938] [error] memory: missing '}' in format string
[2025-08-12 02:50:13.938] [error] memory: missing '}' in format string
[2025-08-12 02:50:43.938] [error] memory: missing '}' in format string
[2025-08-12 02:51:13.938] [error] memory: missing '}' in format string
[2025-08-12 02:51:43.938] [error] memory: missing '}' in format string
[2025-08-12 02:52:13.938] [error] memory: missing '}' in format string
[2025-08-12 02:52:43.938] [error] memory: missing '}' in format string
[2025-08-12 02:53:13.938] [error] memory: missing '}' in format string
[2025-08-12 02:53:43.938] [error] memory: missing '}' in format string
[2025-08-12 02:54:13.938] [error] memory: missing '}' in format string
[2025-08-12 02:54:43.939] [error] memory: missing '}' in format string
[2025-08-12 02:55:13.939] [error] memory: missing '}' in format string
[2025-08-12 02:55:43.939] [error] memory: missing '}' in format string
[2025-08-12 02:56:13.939] [error] memory: missing '}' in format string
[2025-08-12 02:56:43.939] [error] memory: missing '}' in format string
[2025-08-12 02:57:13.939] [error] memory: missing '}' in format string
[2025-08-12 02:57:43.939] [error] memory: missing '}' in format string
[2025-08-12 02:58:13.939] [error] memory: missing '}' in format string
[2025-08-12 02:58:43.939] [error] memory: missing '}' in format string
[2025-08-12 02:59:13.939] [error] memory: missing '}' in format string
[2025-08-12 02:59:43.939] [error] memory: missing '}' in format string
[2025-08-12 03:00:13.939] [error] memory: missing '}' in format string
[2025-08-12 03:00:43.940] [error] memory: missing '}' in format string
[2025-08-12 03:01:13.940] [error] memory: missing '}' in format string
[2025-08-12 03:01:43.940] [error] memory: missing '}' in format string
[2025-08-12 03:02:13.940] [error] memory: missing '}' in format string
[2025-08-12 03:02:43.940] [error] memory: missing '}' in format string
[2025-08-12 03:03:13.940] [error] memory: missing '}' in format string
[2025-08-12 03:03:43.940] [error] memory: missing '}' in format string
[2025-08-12 03:04:13.940] [error] memory: missing '}' in format string
[2025-08-12 03:04:43.940] [error] memory: missing '}' in format string
[2025-08-12 03:05:13.940] [error] memory: missing '}' in format string
[2025-08-12 03:05:43.940] [error] memory: missing '}' in format string
[2025-08-12 03:06:13.941] [error] memory: missing '}' in format string
[2025-08-12 03:06:43.940] [error] memory: missing '}' in format string
[2025-08-12 03:07:13.941] [error] memory: missing '}' in format string
[2025-08-12 03:07:43.941] [error] memory: missing '}' in format string
[2025-08-12 03:08:13.941] [error] memory: missing '}' in format string
[2025-08-12 03:08:43.941] [error] memory: missing '}' in format string
[2025-08-12 03:09:13.941] [error] memory: missing '}' in format string
[2025-08-12 03:09:43.941] [error] memory: missing '}' in format string
[2025-08-12 03:10:13.941] [error] memory: missing '}' in format string
[2025-08-12 03:10:43.941] [error] memory: missing '}' in format string
[2025-08-12 03:11:13.941] [error] memory: missing '}' in format string
[2025-08-12 03:11:43.941] [error] memory: missing '}' in format string
[2025-08-12 03:12:13.942] [error] memory: missing '}' in format string
[2025-08-12 03:12:43.942] [error] memory: missing '}' in format string
[2025-08-12 03:13:13.942] [error] memory: missing '}' in format string
[2025-08-12 03:13:43.942] [error] memory: missing '}' in format string
[2025-08-12 03:14:13.942] [error] memory: missing '}' in format string
[2025-08-12 03:14:43.942] [error] memory: missing '}' in format string
[2025-08-12 03:15:13.942] [error] memory: missing '}' in format string
[2025-08-12 03:15:43.943] [error] memory: missing '}' in format string
[2025-08-12 03:16:13.942] [error] memory: missing '}' in format string
[2025-08-12 03:16:43.943] [error] memory: missing '}' in format string
[2025-08-12 03:17:13.943] [error] memory: missing '}' in format string
[2025-08-12 03:17:43.943] [error] memory: missing '}' in format string
[2025-08-12 03:18:13.943] [error] memory: missing '}' in format string
[2025-08-12 03:18:43.943] [error] memory: missing '}' in format string
[2025-08-12 03:19:13.943] [error] memory: missing '}' in format string
[2025-08-12 03:19:43.943] [error] memory: missing '}' in format string
[2025-08-12 03:20:13.944] [error] memory: missing '}' in format string
[2025-08-12 03:20:43.944] [error] memory: missing '}' in format string
[2025-08-12 03:21:13.944] [error] memory: missing '}' in format string
[2025-08-12 03:21:43.944] [error] memory: missing '}' in format string
[2025-08-12 03:22:13.944] [error] memory: missing '}' in format string
[2025-08-12 03:22:43.944] [error] memory: missing '}' in format string
[2025-08-12 03:23:13.944] [error] memory: missing '}' in format string
[2025-08-12 03:23:43.944] [error] memory: missing '}' in format string
[2025-08-12 03:24:13.945] [error] memory: missing '}' in format string
[2025-08-12 03:24:43.945] [error] memory: missing '}' in format string
[2025-08-12 03:25:13.945] [error] memory: missing '}' in format string
[2025-08-12 03:25:43.945] [error] memory: missing '}' in format string
[2025-08-12 03:26:13.945] [error] memory: missing '}' in format string
[2025-08-12 03:26:43.945] [error] memory: missing '}' in format string
[2025-08-12 03:27:13.945] [error] memory: missing '}' in format string
[2025-08-12 03:27:43.946] [error] memory: missing '}' in format string
[2025-08-12 03:28:13.945] [error] memory: missing '}' in format string
[2025-08-12 03:28:43.946] [error] memory: missing '}' in format string
[2025-08-12 03:29:13.946] [error] memory: missing '}' in format string
[2025-08-12 03:29:43.946] [error] memory: missing '}' in format string
[2025-08-12 03:30:13.946] [error] memory: missing '}' in format string
[2025-08-12 03:30:43.946] [error] memory: missing '}' in format string
[2025-08-12 03:31:13.946] [error] memory: missing '}' in format string
[2025-08-12 03:31:43.946] [error] memory: missing '}' in format string
[2025-08-12 03:32:13.946] [error] memory: missing '}' in format string
[2025-08-12 03:32:43.947] [error] memory: missing '}' in format string
[2025-08-12 03:33:13.947] [error] memory: missing '}' in format string
[2025-08-12 03:33:43.947] [error] memory: missing '}' in format string
[2025-08-12 03:34:13.947] [error] memory: missing '}' in format string
[2025-08-12 03:34:43.947] [error] memory: missing '}' in format string
[2025-08-12 03:35:13.947] [error] memory: missing '}' in format string
[2025-08-12 03:35:43.948] [error] memory: missing '}' in format string
[2025-08-12 03:36:13.948] [error] memory: missing '}' in format string
[2025-08-12 03:36:43.948] [error] memory: missing '}' in format string
[2025-08-12 03:37:13.948] [error] memory: missing '}' in format string
[2025-08-12 03:37:43.948] [error] memory: missing '}' in format string
[2025-08-12 03:38:13.949] [error] memory: missing '}' in format string
[2025-08-12 03:38:43.949] [error] memory: missing '}' in format string
[2025-08-12 03:39:13.949] [error] memory: missing '}' in format string
[2025-08-12 03:39:43.949] [error] memory: missing '}' in format string
[2025-08-12 03:40:13.949] [error] memory: missing '}' in format string
[2025-08-12 03:40:43.949] [error] memory: missing '}' in format string
[2025-08-12 03:41:13.949] [error] memory: missing '}' in format string
[2025-08-12 03:41:43.949] [error] memory: missing '}' in format string
[2025-08-12 03:42:13.949] [error] memory: missing '}' in format string
[2025-08-12 03:42:43.949] [error] memory: missing '}' in format string
[2025-08-12 03:43:13.949] [error] memory: missing '}' in format string
[2025-08-12 03:43:43.950] [error] memory: missing '}' in format string
[2025-08-12 03:44:13.950] [error] memory: missing '}' in format string
[2025-08-12 03:44:43.950] [error] memory: missing '}' in format string
[2025-08-12 03:45:13.950] [error] memory: missing '}' in format string
[2025-08-12 03:45:43.950] [error] memory: missing '}' in format string
[2025-08-12 03:46:13.950] [error] memory: missing '}' in format string
[2025-08-12 03:46:43.950] [error] memory: missing '}' in format string
[2025-08-12 03:47:13.950] [error] memory: missing '}' in format string
Gdk-Message: 03:47:30.379: Unable to load hand2 from the cursor theme
Gdk-Message: 03:47:30.386: Unable to load arrow from the cursor theme
Gdk-Message: 03:47:30.386: Unable to load hand2 from the cursor theme
Gdk-Message: 03:47:30.413: Unable to load arrow from the cursor theme
Gdk-Message: 03:47:30.413: Unable to load hand2 from the cursor theme
Gdk-Message: 03:47:30.420: Unable to load arrow from the cursor theme
[2025-08-12 03:47:43.950] [error] memory: missing '}' in format string
[2025-08-12 03:48:13.950] [error] memory: missing '}' in format string
[2025-08-12 03:48:43.950] [error] memory: missing '}' in format string
[2025-08-12 03:49:13.951] [error] memory: missing '}' in format string
[2025-08-12 03:49:43.950] [error] memory: missing '}' in format string
[2025-08-12 03:50:13.951] [error] memory: missing '}' in format string
Gdk-Message: 03:50:26.150: Unable to load hand2 from the cursor theme
Gdk-Message: 03:50:26.334: Unable to load arrow from the cursor theme
[2025-08-12 03:50:43.951] [error] memory: missing '}' in format string
[2025-08-12 03:51:13.951] [error] memory: missing '}' in format string
[2025-08-12 03:51:43.951] [error] memory: missing '}' in format string
[2025-08-12 03:52:13.951] [error] memory: missing '}' in format string
[2025-08-12 03:52:43.951] [error] memory: missing '}' in format string
[2025-08-12 03:53:13.951] [error] memory: missing '}' in format string
[2025-08-12 03:53:43.951] [error] memory: missing '}' in format string
[2025-08-12 03:54:13.951] [error] memory: missing '}' in format string
[2025-08-12 03:54:43.951] [error] memory: missing '}' in format string
[2025-08-12 03:55:13.951] [error] memory: missing '}' in format string
[2025-08-12 03:55:43.951] [error] memory: missing '}' in format string
[2025-08-12 03:56:13.952] [error] memory: missing '}' in format string
[2025-08-12 03:56:43.952] [error] memory: missing '}' in format string
[2025-08-12 03:57:13.952] [error] memory: missing '}' in format string
[2025-08-12 03:57:43.952] [error] memory: missing '}' in format string
[2025-08-12 03:58:13.952] [error] memory: missing '}' in format string
[2025-08-12 03:58:43.952] [error] memory: missing '}' in format string
[2025-08-12 03:59:13.952] [error] memory: missing '}' in format string
[2025-08-12 03:59:43.952] [error] memory: missing '}' in format string
[2025-08-12 04:00:13.952] [error] memory: missing '}' in format string
[2025-08-12 04:00:43.952] [error] memory: missing '}' in format string
[2025-08-12 04:01:13.952] [error] memory: missing '}' in format string
[2025-08-12 04:01:43.952] [error] memory: missing '}' in format string
[2025-08-12 04:02:13.952] [error] memory: missing '}' in format string
[2025-08-12 04:02:43.952] [error] memory: missing '}' in format string
[2025-08-12 04:03:13.953] [error] memory: missing '}' in format string
[2025-08-12 04:03:43.953] [error] memory: missing '}' in format string
[2025-08-12 04:04:13.953] [error] memory: missing '}' in format string
[2025-08-12 04:04:43.953] [error] memory: missing '}' in format string
[2025-08-12 04:05:13.953] [error] memory: missing '}' in format string
[2025-08-12 04:05:43.953] [error] memory: missing '}' in format string
[2025-08-12 04:06:13.953] [error] memory: missing '}' in format string
[2025-08-12 04:06:43.954] [error] memory: missing '}' in format string
[2025-08-12 04:07:13.953] [error] memory: missing '}' in format string
[2025-08-12 04:07:43.954] [error] memory: missing '}' in format string
[2025-08-12 04:08:13.954] [error] memory: missing '}' in format string
[2025-08-12 04:08:43.954] [error] memory: missing '}' in format string
[2025-08-12 04:09:13.954] [error] memory: missing '}' in format string
[2025-08-12 04:09:43.954] [error] memory: missing '}' in format string
[2025-08-12 04:10:13.954] [error] memory: missing '}' in format string
[2025-08-12 04:10:43.955] [error] memory: missing '}' in format string
[2025-08-12 04:11:13.955] [error] memory: missing '}' in format string
[2025-08-12 04:11:43.955] [error] memory: missing '}' in format string
[2025-08-12 04:12:13.955] [error] memory: missing '}' in format string
[2025-08-12 04:12:43.955] [error] memory: missing '}' in format string
[2025-08-12 04:13:13.956] [error] memory: missing '}' in format string
[2025-08-12 04:13:43.956] [error] memory: missing '}' in format string
[2025-08-12 04:14:13.956] [error] memory: missing '}' in format string
[2025-08-12 04:14:43.956] [error] memory: missing '}' in format string
[2025-08-12 04:15:13.956] [error] memory: missing '}' in format string
[2025-08-12 04:15:43.956] [error] memory: missing '}' in format string
[2025-08-12 04:16:13.956] [error] memory: missing '}' in format string
[2025-08-12 04:16:43.956] [error] memory: missing '}' in format string
[2025-08-12 04:17:13.957] [error] memory: missing '}' in format string
[2025-08-12 04:17:43.957] [error] memory: missing '}' in format string
[2025-08-12 04:18:13.957] [error] memory: missing '}' in format string
[2025-08-12 04:18:43.957] [error] memory: missing '}' in format string
[2025-08-12 04:19:13.957] [error] memory: missing '}' in format string
[2025-08-12 04:19:43.957] [error] memory: missing '}' in format string
[2025-08-12 04:20:13.957] [error] memory: missing '}' in format string
[2025-08-12 04:20:43.957] [error] memory: missing '}' in format string
[2025-08-12 04:21:13.957] [error] memory: missing '}' in format string
[2025-08-12 04:21:43.957] [error] memory: missing '}' in format string
[2025-08-12 04:22:13.958] [error] memory: missing '}' in format string
[2025-08-12 04:22:43.958] [error] memory: missing '}' in format string
[2025-08-12 04:23:13.958] [error] memory: missing '}' in format string
[2025-08-12 04:23:43.958] [error] memory: missing '}' in format string
[2025-08-12 04:24:13.958] [error] memory: missing '}' in format string
[2025-08-12 04:24:43.958] [error] memory: missing '}' in format string
[2025-08-12 04:25:13.958] [error] memory: missing '}' in format string
[2025-08-12 04:25:43.958] [error] memory: missing '}' in format string
[2025-08-12 04:26:13.958] [error] memory: missing '}' in format string
[2025-08-12 04:26:43.959] [error] memory: missing '}' in format string
[2025-08-12 04:27:13.959] [error] memory: missing '}' in format string
[2025-08-12 04:27:43.959] [error] memory: missing '}' in format string
[2025-08-12 04:28:13.959] [error] memory: missing '}' in format string
[2025-08-12 04:28:43.959] [error] memory: missing '}' in format string
[2025-08-12 04:29:13.960] [error] memory: missing '}' in format string
[2025-08-12 04:29:43.960] [error] memory: missing '}' in format string
[2025-08-12 04:30:13.960] [error] memory: missing '}' in format string
[2025-08-12 04:30:43.960] [error] memory: missing '}' in format string
[2025-08-12 04:31:13.960] [error] memory: missing '}' in format string
[2025-08-12 04:31:43.960] [error] memory: missing '}' in format string
[2025-08-12 04:32:13.960] [error] memory: missing '}' in format string
[2025-08-12 04:32:43.960] [error] memory: missing '}' in format string
[2025-08-12 04:33:13.960] [error] memory: missing '}' in format string
[2025-08-12 04:33:43.960] [error] memory: missing '}' in format string
Gdk-Message: 04:34:05.506: Unable to load hand2 from the cursor theme
Gdk-Message: 04:34:05.528: Unable to load arrow from the cursor theme
[2025-08-12 04:34:13.961] [error] memory: missing '}' in format string
[2025-08-12 04:34:43.961] [error] memory: missing '}' in format string
[2025-08-12 04:35:13.961] [error] memory: missing '}' in format string
[2025-08-12 04:35:43.961] [error] memory: missing '}' in format string
[2025-08-12 04:36:13.961] [error] memory: missing '}' in format string
[2025-08-12 04:36:43.962] [error] memory: missing '}' in format string
[2025-08-12 04:37:13.961] [error] memory: missing '}' in format string
[2025-08-12 04:37:43.962] [error] memory: missing '}' in format string
[2025-08-12 04:38:13.962] [error] memory: missing '}' in format string
[2025-08-12 04:38:43.961] [error] memory: missing '}' in format string
[2025-08-12 04:39:13.962] [error] memory: missing '}' in format string
[2025-08-12 04:39:43.962] [error] memory: missing '}' in format string
[2025-08-12 04:40:13.962] [error] memory: missing '}' in format string
[2025-08-12 04:40:43.962] [error] memory: missing '}' in format string
[2025-08-12 04:41:13.962] [error] memory: missing '}' in format string
[2025-08-12 04:41:43.962] [error] memory: missing '}' in format string
[2025-08-12 04:42:13.963] [error] memory: missing '}' in format string
[2025-08-12 04:42:43.963] [error] memory: missing '}' in format string
[2025-08-12 04:43:13.963] [error] memory: missing '}' in format string
[2025-08-12 04:43:43.964] [error] memory: missing '}' in format string
[2025-08-12 04:44:13.964] [error] memory: missing '}' in format string
[2025-08-12 04:44:43.964] [error] memory: missing '}' in format string
[2025-08-12 04:45:13.964] [error] memory: missing '}' in format string
[2025-08-12 04:45:43.965] [error] memory: missing '}' in format string
[2025-08-12 04:46:13.965] [error] memory: missing '}' in format string
[2025-08-12 04:46:43.966] [error] memory: missing '}' in format string
[2025-08-12 04:47:13.966] [error] memory: missing '}' in format string
[2025-08-12 04:47:43.966] [error] memory: missing '}' in format string
[2025-08-12 04:48:13.966] [error] memory: missing '}' in format string
[2025-08-12 04:48:43.967] [error] memory: missing '}' in format string
[2025-08-12 04:49:13.967] [error] memory: missing '}' in format string
[2025-08-12 04:49:43.968] [error] memory: missing '}' in format string
[2025-08-12 04:50:13.968] [error] memory: missing '}' in format string
[2025-08-12 04:50:43.968] [error] memory: missing '}' in format string
[2025-08-12 04:51:13.969] [error] memory: missing '}' in format string
[2025-08-12 04:51:43.969] [error] memory: missing '}' in format string
[2025-08-12 04:52:13.969] [error] memory: missing '}' in format string
[2025-08-12 04:52:43.969] [error] memory: missing '}' in format string
[2025-08-12 04:53:13.969] [error] memory: missing '}' in format string
[2025-08-12 04:53:43.970] [error] memory: missing '}' in format string
Gdk-Message: 04:54:03.565: Unable to load hand2 from the cursor theme
Gdk-Message: 04:54:03.647: Unable to load arrow from the cursor theme
[2025-08-12 04:54:13.969] [error] memory: missing '}' in format string
[2025-08-12 04:54:43.970] [error] memory: missing '}' in format string
Gdk-Message: 04:55:03.892: Unable to load hand2 from the cursor theme
Gdk-Message: 04:55:03.939: Unable to load arrow from the cursor theme
Gdk-Message: 04:55:03.940: Unable to load hand2 from the cursor theme
Gdk-Message: 04:55:03.945: Unable to load arrow from the cursor theme
[2025-08-12 04:55:13.970] [error] memory: missing '}' in format string
[2025-08-12 04:55:43.970] [error] memory: missing '}' in format string
[2025-08-12 04:56:13.970] [error] memory: missing '}' in format string
[2025-08-12 04:56:43.970] [error] memory: missing '}' in format string
[2025-08-12 04:57:13.970] [error] memory: missing '}' in format string
[2025-08-12 04:57:43.970] [error] memory: missing '}' in format string
[2025-08-12 04:58:13.970] [error] memory: missing '}' in format string
[2025-08-12 04:58:43.970] [error] memory: missing '}' in format string
[2025-08-12 04:59:13.971] [error] memory: missing '}' in format string
[2025-08-12 04:59:43.971] [error] memory: missing '}' in format string
[2025-08-12 05:00:13.971] [error] memory: missing '}' in format string
[2025-08-12 05:00:43.971] [error] memory: missing '}' in format string
[2025-08-12 05:01:13.971] [error] memory: missing '}' in format string
[2025-08-12 05:01:43.972] [error] memory: missing '}' in format string
[2025-08-12 05:02:13.972] [error] memory: missing '}' in format string
[2025-08-12 05:02:43.972] [error] memory: missing '}' in format string
[2025-08-12 05:03:13.972] [error] memory: missing '}' in format string
[2025-08-12 05:03:43.972] [error] memory: missing '}' in format string
[2025-08-12 05:04:13.972] [error] memory: missing '}' in format string
[2025-08-12 05:04:43.972] [error] memory: missing '}' in format string
[2025-08-12 05:05:13.972] [error] memory: missing '}' in format string
[2025-08-12 05:05:43.973] [error] memory: missing '}' in format string
[2025-08-12 05:06:13.973] [error] memory: missing '}' in format string
[2025-08-12 05:06:43.973] [error] memory: missing '}' in format string
[2025-08-12 05:07:13.973] [error] memory: missing '}' in format string
[2025-08-12 05:07:43.973] [error] memory: missing '}' in format string
[2025-08-12 05:08:13.973] [error] memory: missing '}' in format string
[2025-08-12 05:08:43.973] [error] memory: missing '}' in format string
[2025-08-12 05:09:13.974] [error] memory: missing '}' in format string
[2025-08-12 05:09:43.973] [error] memory: missing '}' in format string
[2025-08-12 05:10:13.974] [error] memory: missing '}' in format string
[2025-08-12 05:10:43.974] [error] memory: missing '}' in format string
[2025-08-12 05:11:13.974] [error] memory: missing '}' in format string
[2025-08-12 05:11:43.974] [error] memory: missing '}' in format string
[2025-08-12 05:12:13.974] [error] memory: missing '}' in format string
[2025-08-12 05:12:43.975] [error] memory: missing '}' in format string
[2025-08-12 05:13:13.975] [error] memory: missing '}' in format string
[2025-08-12 05:13:43.975] [error] memory: missing '}' in format string
[2025-08-12 05:14:13.975] [error] memory: missing '}' in format string
[2025-08-12 05:14:43.975] [error] memory: missing '}' in format string
[2025-08-12 05:15:13.976] [error] memory: missing '}' in format string
[2025-08-12 05:15:43.975] [error] memory: missing '}' in format string
[2025-08-12 05:16:13.976] [error] memory: missing '}' in format string
[2025-08-12 05:16:43.977] [error] memory: missing '}' in format string
[2025-08-12 05:17:13.976] [error] memory: missing '}' in format string
[2025-08-12 05:17:43.977] [error] memory: missing '}' in format string
[2025-08-12 05:18:13.977] [error] memory: missing '}' in format string
[2025-08-12 05:18:43.977] [error] memory: missing '}' in format string
[2025-08-12 05:19:13.977] [error] memory: missing '}' in format string
[2025-08-12 05:19:43.978] [error] memory: missing '}' in format string
[2025-08-12 05:20:13.978] [error] memory: missing '}' in format string
[2025-08-12 05:20:43.978] [error] memory: missing '}' in format string
[2025-08-12 05:21:13.978] [error] memory: missing '}' in format string
[2025-08-12 05:21:43.979] [error] memory: missing '}' in format string
[2025-08-12 05:22:13.978] [error] memory: missing '}' in format string
[2025-08-12 05:22:43.979] [error] memory: missing '}' in format string
[2025-08-12 05:23:13.979] [error] memory: missing '}' in format string
[2025-08-12 05:23:43.979] [error] memory: missing '}' in format string
[2025-08-12 05:24:13.980] [error] memory: missing '}' in format string
[2025-08-12 05:24:43.981] [error] memory: missing '}' in format string
[2025-08-12 05:25:13.980] [error] memory: missing '}' in format string
[2025-08-12 05:25:43.981] [error] memory: missing '}' in format string
[2025-08-12 05:26:13.982] [error] memory: missing '}' in format string
[2025-08-12 05:26:43.982] [error] memory: missing '}' in format string
[2025-08-12 05:27:13.982] [error] memory: missing '}' in format string
[2025-08-12 05:27:43.982] [error] memory: missing '}' in format string
[2025-08-12 05:28:13.982] [error] memory: missing '}' in format string
[2025-08-12 05:28:43.983] [error] memory: missing '}' in format string
[2025-08-12 05:29:13.983] [error] memory: missing '}' in format string
[2025-08-12 05:29:43.983] [error] memory: missing '}' in format string
[2025-08-12 05:30:13.983] [error] memory: missing '}' in format string
[2025-08-12 05:30:43.983] [error] memory: missing '}' in format string
[2025-08-12 05:31:13.984] [error] memory: missing '}' in format string
[2025-08-12 05:31:43.984] [error] memory: missing '}' in format string
[2025-08-12 05:32:13.985] [error] memory: missing '}' in format string
[2025-08-12 05:32:43.985] [error] memory: missing '}' in format string
[2025-08-12 05:33:13.985] [error] memory: missing '}' in format string
[2025-08-12 05:33:43.985] [error] memory: missing '}' in format string
[2025-08-12 05:34:13.986] [error] memory: missing '}' in format string
[2025-08-12 05:34:43.986] [error] memory: missing '}' in format string
[2025-08-12 05:35:13.986] [error] memory: missing '}' in format string
[2025-08-12 05:35:43.986] [error] memory: missing '}' in format string
[2025-08-12 05:36:13.986] [error] memory: missing '}' in format string
[2025-08-12 05:36:43.987] [error] memory: missing '}' in format string
[2025-08-12 05:37:13.987] [error] memory: missing '}' in format string
[2025-08-12 05:37:43.987] [error] memory: missing '}' in format string
[2025-08-12 05:38:13.987] [error] memory: missing '}' in format string
[2025-08-12 05:38:43.988] [error] memory: missing '}' in format string
[2025-08-12 05:39:13.988] [error] memory: missing '}' in format string
[2025-08-12 05:39:43.988] [error] memory: missing '}' in format string
[2025-08-12 05:40:13.989] [error] memory: missing '}' in format string
[2025-08-12 05:40:43.989] [error] memory: missing '}' in format string
[2025-08-12 05:41:13.989] [error] memory: missing '}' in format string
[2025-08-12 05:41:43.990] [error] memory: missing '}' in format string
[2025-08-12 05:42:13.990] [error] memory: missing '}' in format string
[2025-08-12 05:42:43.990] [error] memory: missing '}' in format string
Gdk-Message: 05:43:06.819: Unable to load hand2 from the cursor theme
Gdk-Message: 05:43:06.826: Unable to load arrow from the cursor theme
Gdk-Message: 05:43:06.826: Unable to load hand2 from the cursor theme
Gdk-Message: 05:43:06.921: Unable to load arrow from the cursor theme
Gdk-Message: 05:43:06.921: Unable to load hand2 from the cursor theme
Gdk-Message: 05:43:07.112: Unable to load arrow from the cursor theme
[2025-08-12 05:43:13.990] [error] memory: missing '}' in format string
[2025-08-12 05:43:43.990] [error] memory: missing '}' in format string
[2025-08-12 05:44:13.990] [error] memory: missing '}' in format string
[2025-08-12 05:44:43.990] [error] memory: missing '}' in format string
[2025-08-12 05:45:13.990] [error] memory: missing '}' in format string
[2025-08-12 05:45:43.991] [error] memory: missing '}' in format string
Gdk-Message: 05:45:50.676: Unable to load hand2 from the cursor theme
Gdk-Message: 05:45:50.681: Unable to load arrow from the cursor theme
[2025-08-12 05:46:13.991] [error] memory: missing '}' in format string
[2025-08-12 05:46:43.991] [error] memory: missing '}' in format string
[2025-08-12 05:47:13.991] [error] memory: missing '}' in format string
Gdk-Message: 05:47:35.895: Unable to load hand2 from the cursor theme
Gdk-Message: 05:47:35.909: Unable to load arrow from the cursor theme
[2025-08-12 05:47:43.991] [error] memory: missing '}' in format string
[2025-08-12 05:48:13.992] [error] memory: missing '}' in format string
[2025-08-12 05:48:43.992] [error] memory: missing '}' in format string
[2025-08-12 05:49:13.992] [error] memory: missing '}' in format string
[2025-08-12 05:49:43.993] [error] memory: missing '}' in format string
[2025-08-12 05:50:13.994] [error] memory: missing '}' in format string
[2025-08-12 05:50:43.994] [error] memory: missing '}' in format string
[2025-08-12 05:51:13.994] [error] memory: missing '}' in format string
[2025-08-12 05:51:43.995] [error] memory: missing '}' in format string
[2025-08-12 05:52:13.995] [error] memory: missing '}' in format string
[2025-08-12 05:52:43.996] [error] memory: missing '}' in format string
[2025-08-12 05:53:13.996] [error] memory: missing '}' in format string
[2025-08-12 05:53:43.996] [error] memory: missing '}' in format string
[2025-08-12 05:54:13.996] [error] memory: missing '}' in format string
[2025-08-12 05:54:43.996] [error] memory: missing '}' in format string
[2025-08-12 05:55:13.996] [error] memory: missing '}' in format string
[2025-08-12 05:55:43.996] [error] memory: missing '}' in format string
[2025-08-12 05:56:13.996] [error] memory: missing '}' in format string
[2025-08-12 05:56:43.997] [error] memory: missing '}' in format string
[2025-08-12 05:57:13.997] [error] memory: missing '}' in format string
[2025-08-12 05:57:43.997] [error] memory: missing '}' in format string
[2025-08-12 05:58:13.997] [error] memory: missing '}' in format string
[2025-08-12 05:58:43.997] [error] memory: missing '}' in format string
[2025-08-12 05:59:13.997] [error] memory: missing '}' in format string
[2025-08-12 05:59:43.997] [error] memory: missing '}' in format string
[2025-08-12 06:00:13.997] [error] memory: missing '}' in format string
[2025-08-12 06:00:43.997] [error] memory: missing '}' in format string
[2025-08-12 06:01:13.997] [error] memory: missing '}' in format string
[2025-08-12 06:01:43.998] [error] memory: missing '}' in format string
[2025-08-12 06:02:13.998] [error] memory: missing '}' in format string
[2025-08-12 06:02:43.998] [error] memory: missing '}' in format string
[2025-08-12 06:03:13.998] [error] memory: missing '}' in format string
[2025-08-12 06:03:43.998] [error] memory: missing '}' in format string
[2025-08-12 06:04:13.998] [error] memory: missing '}' in format string
[2025-08-12 06:04:43.998] [error] memory: missing '}' in format string
[2025-08-12 06:05:13.998] [error] memory: missing '}' in format string
[2025-08-12 06:05:43.999] [error] memory: missing '}' in format string
[2025-08-12 06:06:13.999] [error] memory: missing '}' in format string
[2025-08-12 06:06:43.999] [error] memory: missing '}' in format string
[2025-08-12 06:07:13.999] [error] memory: missing '}' in format string
[2025-08-12 06:07:43.999] [error] memory: missing '}' in format string
[2025-08-12 06:08:13.999] [error] memory: missing '}' in format string
[2025-08-12 06:08:43.999] [error] memory: missing '}' in format string
[2025-08-12 06:09:13.999] [error] memory: missing '}' in format string
[2025-08-12 06:09:44.000] [error] memory: missing '}' in format string
[2025-08-12 06:10:14.000] [error] memory: missing '}' in format string
[2025-08-12 06:10:44.000] [error] memory: missing '}' in format string
[2025-08-12 06:11:14.000] [error] memory: missing '}' in format string
[2025-08-12 06:11:44.001] [error] memory: missing '}' in format string
Gdk-Message: 06:12:09.281: Unable to load hand2 from the cursor theme
Gdk-Message: 06:12:09.593: Unable to load arrow from the cursor theme
[2025-08-12 06:12:14.001] [error] memory: missing '}' in format string
[2025-08-12 06:12:44.001] [error] memory: missing '}' in format string
[2025-08-12 06:13:14.001] [error] memory: missing '}' in format string
[2025-08-12 06:13:44.001] [error] memory: missing '}' in format string
[2025-08-12 06:14:14.001] [error] memory: missing '}' in format string
[2025-08-12 06:14:44.001] [error] memory: missing '}' in format string
[2025-08-12 06:15:14.001] [error] memory: missing '}' in format string
[2025-08-12 06:15:44.001] [error] memory: missing '}' in format string
[2025-08-12 06:16:14.001] [error] memory: missing '}' in format string
[2025-08-12 06:16:44.001] [error] memory: missing '}' in format string
[2025-08-12 06:17:14.002] [error] memory: missing '}' in format string
[2025-08-12 06:17:44.002] [error] memory: missing '}' in format string
Gdk-Message: 06:17:55.448: Unable to load hand2 from the cursor theme
Gdk-Message: 06:17:55.487: Unable to load arrow from the cursor theme
Gdk-Message: 06:17:55.685: Unable to load hand2 from the cursor theme
Gdk-Message: 06:17:55.712: Unable to load arrow from the cursor theme
Gdk-Message: 06:17:55.712: Unable to load hand2 from the cursor theme
Gdk-Message: 06:17:55.834: Unable to load arrow from the cursor theme
Gdk-Message: 06:17:55.834: Unable to load hand2 from the cursor theme
Gdk-Message: 06:17:56.228: Unable to load arrow from the cursor theme
Gdk-Message: 06:17:56.229: Unable to load hand2 from the cursor theme
Gdk-Message: 06:17:56.235: Unable to load arrow from the cursor theme
[2025-08-12 06:18:14.002] [error] memory: missing '}' in format string
[2025-08-12 06:18:44.002] [error] memory: missing '}' in format string
[2025-08-12 06:19:14.002] [error] memory: missing '}' in format string
[2025-08-12 06:19:44.003] [error] memory: missing '}' in format string
[2025-08-12 06:20:14.003] [error] memory: missing '}' in format string
[2025-08-12 06:20:44.003] [error] memory: missing '}' in format string
[2025-08-12 06:21:14.006] [error] memory: missing '}' in format string
[2025-08-12 06:21:44.006] [error] memory: missing '}' in format string
[2025-08-12 06:22:14.007] [error] memory: missing '}' in format string
[2025-08-12 06:22:44.006] [error] memory: missing '}' in format string
[2025-08-12 06:23:14.006] [error] memory: missing '}' in format string
[2025-08-12 06:23:44.007] [error] memory: missing '}' in format string
[2025-08-12 06:24:14.007] [error] memory: missing '}' in format string
[2025-08-12 06:24:44.007] [error] memory: missing '}' in format string
[2025-08-12 06:25:14.007] [error] memory: missing '}' in format string
[2025-08-12 06:25:44.007] [error] memory: missing '}' in format string
[2025-08-12 06:26:14.007] [error] memory: missing '}' in format string
[2025-08-12 06:26:44.008] [error] memory: missing '}' in format string
[2025-08-12 06:27:14.008] [error] memory: missing '}' in format string
[2025-08-12 06:27:44.009] [error] memory: missing '}' in format string
[2025-08-12 06:28:14.009] [error] memory: missing '}' in format string
[2025-08-12 06:28:44.009] [error] memory: missing '}' in format string
[2025-08-12 06:29:14.009] [error] memory: missing '}' in format string
[2025-08-12 06:29:44.010] [error] memory: missing '}' in format string
[2025-08-12 06:30:14.010] [error] memory: missing '}' in format string
[2025-08-12 06:30:44.010] [error] memory: missing '}' in format string
[2025-08-12 06:31:14.011] [error] memory: missing '}' in format string
[2025-08-12 06:31:44.011] [error] memory: missing '}' in format string
[2025-08-12 06:32:14.011] [error] memory: missing '}' in format string
[2025-08-12 06:32:44.012] [error] memory: missing '}' in format string
[2025-08-12 06:33:14.012] [error] memory: missing '}' in format string
[2025-08-12 06:33:44.012] [error] memory: missing '}' in format string
[2025-08-12 06:34:14.012] [error] memory: missing '}' in format string
[2025-08-12 06:34:44.013] [error] memory: missing '}' in format string
[2025-08-12 06:35:14.013] [error] memory: missing '}' in format string
[2025-08-12 06:35:44.013] [error] memory: missing '}' in format string
[2025-08-12 06:36:14.013] [error] memory: missing '}' in format string
[2025-08-12 06:36:44.013] [error] memory: missing '}' in format string
[2025-08-12 06:37:14.014] [error] memory: missing '}' in format string
[2025-08-12 06:37:44.014] [error] memory: missing '}' in format string
[2025-08-12 06:38:14.014] [error] memory: missing '}' in format string
[2025-08-12 06:38:44.014] [error] memory: missing '}' in format string
[2025-08-12 06:39:14.014] [error] memory: missing '}' in format string
[2025-08-12 06:39:44.014] [error] memory: missing '}' in format string
[2025-08-12 06:40:14.014] [error] memory: missing '}' in format string
[2025-08-12 06:40:44.015] [error] memory: missing '}' in format string
[2025-08-12 06:41:14.015] [error] memory: missing '}' in format string
[2025-08-12 06:41:44.016] [error] memory: missing '}' in format string
[2025-08-12 06:42:14.016] [error] memory: missing '}' in format string
[2025-08-12 06:42:44.016] [error] memory: missing '}' in format string
[2025-08-12 06:43:14.016] [error] memory: missing '}' in format string
[2025-08-12 06:43:44.017] [error] memory: missing '}' in format string
[2025-08-12 06:44:14.017] [error] memory: missing '}' in format string
[2025-08-12 06:44:44.017] [error] memory: missing '}' in format string
[2025-08-12 06:45:14.018] [error] memory: missing '}' in format string
[2025-08-12 06:45:44.018] [error] memory: missing '}' in format string
[2025-08-12 06:46:14.018] [error] memory: missing '}' in format string
[2025-08-12 06:46:44.018] [error] memory: missing '}' in format string
[2025-08-12 06:47:14.019] [error] memory: missing '}' in format string
[2025-08-12 06:47:44.019] [error] memory: missing '}' in format string
[2025-08-12 06:48:14.019] [error] memory: missing '}' in format string
[2025-08-12 06:48:44.019] [error] memory: missing '}' in format string
[2025-08-12 06:49:14.019] [error] memory: missing '}' in format string
[2025-08-12 06:49:44.019] [error] memory: missing '}' in format string
[2025-08-12 06:50:14.020] [error] memory: missing '}' in format string
[2025-08-12 06:50:44.020] [error] memory: missing '}' in format string
[2025-08-12 06:51:14.020] [error] memory: missing '}' in format string
[2025-08-12 06:51:44.021] [error] memory: missing '}' in format string
[2025-08-12 06:52:14.022] [error] memory: missing '}' in format string
[2025-08-12 06:52:44.022] [error] memory: missing '}' in format string
[2025-08-12 06:53:14.022] [error] memory: missing '}' in format string
[2025-08-12 06:53:44.023] [error] memory: missing '}' in format string
[2025-08-12 06:54:14.023] [error] memory: missing '}' in format string
[2025-08-12 06:54:44.023] [error] memory: missing '}' in format string
[2025-08-12 06:55:14.023] [error] memory: missing '}' in format string
[2025-08-12 06:55:44.023] [error] memory: missing '}' in format string
[2025-08-12 06:56:14.023] [error] memory: missing '}' in format string
[2025-08-12 06:56:44.024] [error] memory: missing '}' in format string
[2025-08-12 06:57:14.024] [error] memory: missing '}' in format string
[2025-08-12 06:57:44.024] [error] memory: missing '}' in format string
[2025-08-12 06:58:14.024] [error] memory: missing '}' in format string
[2025-08-12 06:58:44.025] [error] memory: missing '}' in format string
[2025-08-12 06:59:14.024] [error] memory: missing '}' in format string
[2025-08-12 06:59:44.025] [error] memory: missing '}' in format string
[2025-08-12 07:00:14.025] [error] memory: missing '}' in format string
[2025-08-12 07:00:44.025] [error] memory: missing '}' in format string
[2025-08-12 07:01:14.025] [error] memory: missing '}' in format string
[2025-08-12 07:01:44.025] [error] memory: missing '}' in format string
[2025-08-12 07:02:14.025] [error] memory: missing '}' in format string
[2025-08-12 07:02:44.026] [error] memory: missing '}' in format string
Gdk-Message: 07:03:08.474: Unable to load hand2 from the cursor theme
Gdk-Message: 07:03:08.508: Unable to load arrow from the cursor theme
Gdk-Message: 07:03:10.065: Unable to load hand2 from the cursor theme
Gdk-Message: 07:03:10.079: Unable to load arrow from the cursor theme
Gdk-Message: 07:03:10.079: Unable to load hand2 from the cursor theme
Gdk-Message: 07:03:10.370: Unable to load arrow from the cursor theme
[2025-08-12 07:03:14.026] [error] memory: missing '}' in format string
Gdk-Message: 07:03:30.381: Unable to load hand2 from the cursor theme
Gdk-Message: 07:03:30.442: Unable to load arrow from the cursor theme
Gdk-Message: 07:03:30.626: Unable to load hand2 from the cursor theme
Gdk-Message: 07:03:30.646: Unable to load arrow from the cursor theme
[2025-08-12 07:03:44.026] [error] memory: missing '}' in format string
[2025-08-12 07:04:14.026] [error] memory: missing '}' in format string
[2025-08-12 07:04:44.026] [error] memory: missing '}' in format string
[2025-08-12 07:05:14.026] [error] memory: missing '}' in format string
[2025-08-12 07:05:44.027] [error] memory: missing '}' in format string
[2025-08-12 07:06:14.027] [error] memory: missing '}' in format string
[2025-08-12 07:06:44.027] [error] memory: missing '}' in format string
[2025-08-12 07:07:14.030] [error] memory: missing '}' in format string
[2025-08-12 07:07:44.030] [error] memory: missing '}' in format string
[2025-08-12 07:08:14.030] [error] memory: missing '}' in format string
[2025-08-12 07:08:44.030] [error] memory: missing '}' in format string
[2025-08-12 07:09:14.030] [error] memory: missing '}' in format string
Gdk-Message: 07:09:34.873: Unable to load hand2 from the cursor theme
Gdk-Message: 07:09:34.881: Unable to load arrow from the cursor theme
Gdk-Message: 07:09:35.410: Unable to load hand2 from the cursor theme
Gdk-Message: 07:09:35.458: Unable to load arrow from the cursor theme
[2025-08-12 07:09:44.030] [error] memory: missing '}' in format string
[2025-08-12 07:10:14.032] [error] memory: missing '}' in format string
[2025-08-12 07:10:44.031] [error] memory: missing '}' in format string
[2025-08-12 07:11:14.031] [error] memory: missing '}' in format string
[2025-08-12 07:11:44.031] [error] memory: missing '}' in format string
[2025-08-12 07:12:14.031] [error] memory: missing '}' in format string
[2025-08-12 07:12:44.031] [error] memory: missing '}' in format string
[2025-08-12 07:13:14.031] [error] memory: missing '}' in format string
[2025-08-12 07:13:44.031] [error] memory: missing '}' in format string
[2025-08-12 07:14:14.031] [error] memory: missing '}' in format string
[2025-08-12 07:14:44.032] [error] memory: missing '}' in format string
[2025-08-12 07:15:14.031] [error] memory: missing '}' in format string
[2025-08-12 07:15:44.032] [error] memory: missing '}' in format string
[2025-08-12 07:16:14.032] [error] memory: missing '}' in format string
[2025-08-12 07:16:44.032] [error] memory: missing '}' in format string
[2025-08-12 07:17:14.032] [error] memory: missing '}' in format string
[2025-08-12 07:17:44.032] [error] memory: missing '}' in format string
[2025-08-12 07:18:14.033] [error] memory: missing '}' in format string
[2025-08-12 07:18:44.033] [error] memory: missing '}' in format string
[2025-08-12 07:19:14.034] [error] memory: missing '}' in format string
Gdk-Message: 07:19:25.380: Unable to load hand2 from the cursor theme
Gdk-Message: 07:19:25.394: Unable to load arrow from the cursor theme
Gdk-Message: 07:19:25.702: Unable to load arrow from the cursor theme
Gdk-Message: 07:19:37.132: Unable to load hand2 from the cursor theme
Gdk-Message: 07:19:37.180: Unable to load arrow from the cursor theme
[2025-08-12 07:19:44.034] [error] memory: missing '}' in format string
[2025-08-12 07:20:14.034] [error] memory: missing '}' in format string
Gdk-Message: 07:20:25.972: Unable to load hand2 from the cursor theme
Gdk-Message: 07:20:25.992: Unable to load arrow from the cursor theme
Gdk-Message: 07:20:25.992: Unable to load hand2 from the cursor theme
Gdk-Message: 07:20:26.046: Unable to load arrow from the cursor theme
[2025-08-12 07:20:44.034] [error] memory: missing '}' in format string
Gdk-Message: 07:20:51.389: Unable to load hand2 from the cursor theme
Gdk-Message: 07:20:51.505: Unable to load arrow from the cursor theme
[2025-08-12 07:21:14.035] [error] memory: missing '}' in format string
[2025-08-12 07:21:44.035] [error] memory: missing '}' in format string
[2025-08-12 07:22:14.035] [error] memory: missing '}' in format string
[2025-08-12 07:22:44.035] [error] memory: missing '}' in format string
[2025-08-12 07:23:14.035] [error] memory: missing '}' in format string
[2025-08-12 07:23:44.036] [error] memory: missing '}' in format string
[2025-08-12 07:24:14.036] [error] memory: missing '}' in format string
[2025-08-12 07:24:44.036] [error] memory: missing '}' in format string
[2025-08-12 07:25:14.037] [error] memory: missing '}' in format string
[2025-08-12 07:25:44.036] [error] memory: missing '}' in format string
[2025-08-12 07:26:14.037] [error] memory: missing '}' in format string
[2025-08-12 07:26:44.037] [error] memory: missing '}' in format string
[2025-08-12 07:27:14.038] [error] memory: missing '}' in format string
[2025-08-12 07:27:44.038] [error] memory: missing '}' in format string
[2025-08-12 07:28:14.038] [error] memory: missing '}' in format string
[2025-08-12 07:28:44.040] [error] memory: missing '}' in format string
[2025-08-12 07:29:14.039] [error] memory: missing '}' in format string
[2025-08-12 07:29:44.042] [error] memory: missing '}' in format string
[2025-08-12 07:30:14.041] [error] memory: missing '}' in format string
[2025-08-12 07:30:44.042] [error] memory: missing '}' in format string
[2025-08-12 07:31:14.042] [error] memory: missing '}' in format string
[2025-08-12 07:31:44.043] [error] memory: missing '}' in format string
[2025-08-12 07:32:14.043] [error] memory: missing '}' in format string
[2025-08-12 07:32:44.044] [error] memory: missing '}' in format string
[2025-08-12 07:33:14.045] [error] memory: missing '}' in format string
[2025-08-12 07:33:44.045] [error] memory: missing '}' in format string
[2025-08-12 07:34:14.045] [error] memory: missing '}' in format string
[2025-08-12 07:34:44.045] [error] memory: missing '}' in format string
[2025-08-12 07:35:14.045] [error] memory: missing '}' in format string
[2025-08-12 07:35:44.045] [error] memory: missing '}' in format string
[2025-08-12 07:36:14.045] [error] memory: missing '}' in format string
[2025-08-12 07:36:44.045] [error] memory: missing '}' in format string
[2025-08-12 07:37:14.046] [error] memory: missing '}' in format string
[2025-08-12 07:37:44.046] [error] memory: missing '}' in format string
[2025-08-12 07:38:14.046] [error] memory: missing '}' in format string
[2025-08-12 07:38:44.047] [error] memory: missing '}' in format string
[2025-08-12 07:39:14.047] [error] memory: missing '}' in format string
[2025-08-12 07:39:44.047] [error] memory: missing '}' in format string
[2025-08-12 07:40:14.047] [error] memory: missing '}' in format string
[2025-08-12 07:40:44.047] [error] memory: missing '}' in format string
[2025-08-12 07:41:14.048] [error] memory: missing '}' in format string
[2025-08-12 07:41:44.048] [error] memory: missing '}' in format string
[2025-08-12 07:42:14.048] [error] memory: missing '}' in format string
[2025-08-12 07:42:44.048] [error] memory: missing '}' in format string
[2025-08-12 07:43:14.048] [error] memory: missing '}' in format string
[2025-08-12 07:43:44.048] [error] memory: missing '}' in format string
[2025-08-12 07:44:14.048] [error] memory: missing '}' in format string
[2025-08-12 07:44:44.048] [error] memory: missing '}' in format string
[2025-08-12 07:45:14.048] [error] memory: missing '}' in format string
[2025-08-12 07:45:44.049] [error] memory: missing '}' in format string
[2025-08-12 07:46:14.049] [error] memory: missing '}' in format string
[2025-08-12 07:46:44.050] [error] memory: missing '}' in format string
[2025-08-12 07:47:14.050] [error] memory: missing '}' in format string
[2025-08-12 07:47:44.050] [error] memory: missing '}' in format string
[2025-08-12 07:48:14.050] [error] memory: missing '}' in format string
[2025-08-12 07:48:44.050] [error] memory: missing '}' in format string
[2025-08-12 07:49:14.051] [error] memory: missing '}' in format string
Gdk-Message: 07:49:42.617: Unable to load hand2 from the cursor theme
Gdk-Message: 07:49:42.631: Unable to load arrow from the cursor theme
[2025-08-12 07:49:44.051] [error] memory: missing '}' in format string
[2025-08-12 07:50:14.051] [error] memory: missing '}' in format string
Gdk-Message: 07:50:29.820: Unable to load hand2 from the cursor theme
Gdk-Message: 07:50:30.044: Unable to load arrow from the cursor theme
[2025-08-12 07:50:44.052] [error] memory: missing '}' in format string
[2025-08-12 07:51:14.052] [error] memory: missing '}' in format string
[2025-08-12 07:51:44.052] [error] memory: missing '}' in format string
[2025-08-12 07:52:14.052] [error] memory: missing '}' in format string
[2025-08-12 07:52:44.052] [error] memory: missing '}' in format string
[2025-08-12 07:53:14.052] [error] memory: missing '}' in format string
[2025-08-12 07:53:44.053] [error] memory: missing '}' in format string
[2025-08-12 07:54:14.052] [error] memory: missing '}' in format string
[2025-08-12 07:54:44.053] [error] memory: missing '}' in format string
[2025-08-12 07:55:14.053] [error] memory: missing '}' in format string
[2025-08-12 07:55:44.053] [error] memory: missing '}' in format string
[2025-08-12 07:56:14.053] [error] memory: missing '}' in format string
[2025-08-12 07:56:44.053] [error] memory: missing '}' in format string
[2025-08-12 07:57:14.053] [error] memory: missing '}' in format string
[2025-08-12 07:57:44.053] [error] memory: missing '}' in format string
[2025-08-12 07:58:14.053] [error] memory: missing '}' in format string
[2025-08-12 07:58:44.053] [error] memory: missing '}' in format string
[2025-08-12 07:59:14.053] [error] memory: missing '}' in format string
[2025-08-12 07:59:44.054] [error] memory: missing '}' in format string
[2025-08-12 08:00:14.054] [error] memory: missing '}' in format string
[2025-08-12 08:00:44.054] [error] memory: missing '}' in format string
[2025-08-12 08:01:14.054] [error] memory: missing '}' in format string
[2025-08-12 08:01:44.055] [error] memory: missing '}' in format string
[2025-08-12 08:02:14.054] [error] memory: missing '}' in format string
[2025-08-12 08:02:44.054] [error] memory: missing '}' in format string
[2025-08-12 08:03:14.055] [error] memory: missing '}' in format string
[2025-08-12 08:03:44.055] [error] memory: missing '}' in format string
[2025-08-12 08:04:14.055] [error] memory: missing '}' in format string
[2025-08-12 08:04:44.055] [error] memory: missing '}' in format string
[2025-08-12 08:05:14.055] [error] memory: missing '}' in format string
[2025-08-12 08:05:44.056] [error] memory: missing '}' in format string
[2025-08-12 08:06:14.056] [error] memory: missing '}' in format string
[2025-08-12 08:06:44.056] [error] memory: missing '}' in format string
[2025-08-12 08:07:14.056] [error] memory: missing '}' in format string
[2025-08-12 08:07:44.057] [error] memory: missing '}' in format string
[2025-08-12 08:08:14.057] [error] memory: missing '}' in format string
[2025-08-12 08:08:44.057] [error] memory: missing '}' in format string
[2025-08-12 08:09:14.057] [error] memory: missing '}' in format string
[2025-08-12 08:09:44.057] [error] memory: missing '}' in format string
[2025-08-12 08:10:14.057] [error] memory: missing '}' in format string
[2025-08-12 08:10:44.058] [error] memory: missing '}' in format string
[2025-08-12 08:11:14.058] [error] memory: missing '}' in format string
Gdk-Message: 08:11:19.770: Unable to load hand2 from the cursor theme
Gdk-Message: 08:11:19.776: Unable to load arrow from the cursor theme
Gdk-Message: 08:11:19.871: Unable to load hand2 from the cursor theme
Gdk-Message: 08:11:19.885: Unable to load arrow from the cursor theme
[2025-08-12 08:11:44.058] [error] memory: missing '}' in format string
[2025-08-12 08:12:14.058] [error] memory: missing '}' in format string
[2025-08-12 08:12:44.059] [error] memory: missing '}' in format string
[2025-08-12 08:13:14.059] [error] memory: missing '}' in format string
[2025-08-12 08:13:44.059] [error] memory: missing '}' in format string
[2025-08-12 08:14:14.059] [error] memory: missing '}' in format string
[2025-08-12 08:14:44.060] [error] memory: missing '}' in format string
[2025-08-12 08:15:14.060] [error] memory: missing '}' in format string
[2025-08-12 08:15:44.060] [error] memory: missing '}' in format string
[2025-08-12 08:16:14.060] [error] memory: missing '}' in format string
[2025-08-12 08:16:44.061] [error] memory: missing '}' in format string
[2025-08-12 08:17:14.061] [error] memory: missing '}' in format string
[2025-08-12 08:17:44.061] [error] memory: missing '}' in format string
[2025-08-12 08:18:14.062] [error] memory: missing '}' in format string
[2025-08-12 08:18:44.061] [error] memory: missing '}' in format string
[2025-08-12 08:19:14.061] [error] memory: missing '}' in format string
[2025-08-12 08:19:44.062] [error] memory: missing '}' in format string
[2025-08-12 08:20:14.062] [error] memory: missing '}' in format string
[2025-08-12 08:20:44.062] [error] memory: missing '}' in format string
[2025-08-12 08:21:14.063] [error] memory: missing '}' in format string
[2025-08-12 08:21:44.063] [error] memory: missing '}' in format string
[2025-08-12 08:22:14.062] [error] memory: missing '}' in format string
[2025-08-12 08:22:44.062] [error] memory: missing '}' in format string
[2025-08-12 08:23:14.062] [error] memory: missing '}' in format string
[2025-08-12 08:23:44.063] [error] memory: missing '}' in format string
[2025-08-12 08:24:14.063] [error] memory: missing '}' in format string
[2025-08-12 08:24:44.063] [error] memory: missing '}' in format string
[2025-08-12 08:25:14.063] [error] memory: missing '}' in format string
[2025-08-12 08:25:44.063] [error] memory: missing '}' in format string
[2025-08-12 08:26:14.063] [error] memory: missing '}' in format string
[2025-08-12 08:26:44.064] [error] memory: missing '}' in format string
[2025-08-12 08:27:14.064] [error] memory: missing '}' in format string
[2025-08-12 08:27:44.064] [error] memory: missing '}' in format string
[2025-08-12 08:28:14.064] [error] memory: missing '}' in format string
[2025-08-12 08:28:44.065] [error] memory: missing '}' in format string
[2025-08-12 08:29:14.065] [error] memory: missing '}' in format string
[2025-08-12 08:29:44.065] [error] memory: missing '}' in format string
[2025-08-12 08:30:14.065] [error] memory: missing '}' in format string
[2025-08-12 08:30:44.065] [error] memory: missing '}' in format string
[2025-08-12 08:31:14.065] [error] memory: missing '}' in format string
[2025-08-12 08:31:44.066] [error] memory: missing '}' in format string
[2025-08-12 08:32:14.066] [error] memory: missing '}' in format string
[2025-08-12 08:32:44.066] [error] memory: missing '}' in format string
[2025-08-12 08:33:14.066] [error] memory: missing '}' in format string
[2025-08-12 08:33:44.066] [error] memory: missing '}' in format string
[2025-08-12 08:34:14.066] [error] memory: missing '}' in format string
[2025-08-12 08:34:44.067] [error] memory: missing '}' in format string
[2025-08-12 08:35:14.066] [error] memory: missing '}' in format string
[2025-08-12 08:35:44.067] [error] memory: missing '}' in format string
[2025-08-12 08:36:14.067] [error] memory: missing '}' in format string
[2025-08-12 08:36:44.067] [error] memory: missing '}' in format string
[2025-08-12 08:37:14.067] [error] memory: missing '}' in format string
[2025-08-12 08:37:44.067] [error] memory: missing '}' in format string
[2025-08-12 08:38:14.067] [error] memory: missing '}' in format string
[2025-08-12 08:38:44.068] [error] memory: missing '}' in format string
[2025-08-12 08:39:14.068] [error] memory: missing '}' in format string
[2025-08-12 08:39:44.068] [error] memory: missing '}' in format string
[2025-08-12 08:40:14.068] [error] memory: missing '}' in format string
[2025-08-12 08:40:44.068] [error] memory: missing '}' in format string
[2025-08-12 08:41:14.068] [error] memory: missing '}' in format string
[2025-08-12 08:41:44.068] [error] memory: missing '}' in format string
[2025-08-12 08:42:14.068] [error] memory: missing '}' in format string
[2025-08-12 08:42:44.068] [error] memory: missing '}' in format string
[2025-08-12 08:43:14.069] [error] memory: missing '}' in format string
[2025-08-12 08:43:44.069] [error] memory: missing '}' in format string
[2025-08-12 08:44:14.069] [error] memory: missing '}' in format string
[2025-08-12 08:44:44.069] [error] memory: missing '}' in format string
[2025-08-12 08:45:14.069] [error] memory: missing '}' in format string
[2025-08-12 08:45:44.069] [error] memory: missing '}' in format string
[2025-08-12 08:46:14.069] [error] memory: missing '}' in format string
[2025-08-12 08:46:44.070] [error] memory: missing '}' in format string
[2025-08-12 08:47:14.070] [error] memory: missing '}' in format string
[2025-08-12 08:47:44.070] [error] memory: missing '}' in format string
[2025-08-12 08:48:14.070] [error] memory: missing '}' in format string
[2025-08-12 08:48:44.070] [error] memory: missing '}' in format string
[2025-08-12 08:49:14.071] [error] memory: missing '}' in format string
[2025-08-12 08:49:44.071] [error] memory: missing '}' in format string
[2025-08-12 08:50:14.071] [error] memory: missing '}' in format string
[2025-08-12 08:50:44.071] [error] memory: missing '}' in format string
[2025-08-12 08:51:14.072] [error] memory: missing '}' in format string
[2025-08-12 08:51:44.071] [error] memory: missing '}' in format string
[2025-08-12 08:52:14.072] [error] memory: missing '}' in format string
[2025-08-12 08:52:44.072] [error] memory: missing '}' in format string
[2025-08-12 08:53:14.072] [error] memory: missing '}' in format string
[2025-08-12 08:53:44.072] [error] memory: missing '}' in format string
[2025-08-12 08:54:14.072] [error] memory: missing '}' in format string
[2025-08-12 08:54:44.073] [error] memory: missing '}' in format string
[2025-08-12 08:55:14.073] [error] memory: missing '}' in format string
[2025-08-12 08:55:44.073] [error] memory: missing '}' in format string
[2025-08-12 08:56:14.074] [error] memory: missing '}' in format string
[2025-08-12 08:56:44.074] [error] memory: missing '}' in format string
[2025-08-12 08:57:14.074] [error] memory: missing '}' in format string
[2025-08-12 08:57:44.074] [error] memory: missing '}' in format string
[2025-08-12 08:58:14.074] [error] memory: missing '}' in format string
[2025-08-12 08:58:44.074] [error] memory: missing '}' in format string
[2025-08-12 08:59:14.074] [error] memory: missing '}' in format string
[2025-08-12 08:59:44.075] [error] memory: missing '}' in format string
[2025-08-12 09:00:14.075] [error] memory: missing '}' in format string
[2025-08-12 09:00:44.075] [error] memory: missing '}' in format string
[2025-08-12 09:01:14.075] [error] memory: missing '}' in format string
[2025-08-12 09:01:44.075] [error] memory: missing '}' in format string
[2025-08-12 09:02:14.075] [error] memory: missing '}' in format string
Gdk-Message: 09:02:29.903: Unable to load hand2 from the cursor theme
Gdk-Message: 09:02:29.910: Unable to load arrow from the cursor theme
Gdk-Message: 09:02:30.216: Unable to load hand2 from the cursor theme
Gdk-Message: 09:02:30.256: Unable to load arrow from the cursor theme
[2025-08-12 09:02:44.076] [error] memory: missing '}' in format string
[2025-08-12 09:03:14.076] [error] memory: missing '}' in format string
[2025-08-12 09:03:44.076] [error] memory: missing '}' in format string
[2025-08-12 09:04:14.076] [error] memory: missing '}' in format string
[2025-08-12 09:04:44.077] [error] memory: missing '}' in format string
[2025-08-12 09:05:14.077] [error] memory: missing '}' in format string
[2025-08-12 09:05:44.077] [error] memory: missing '}' in format string
[2025-08-12 09:06:14.077] [error] memory: missing '}' in format string
[2025-08-12 09:06:44.077] [error] memory: missing '}' in format string
[2025-08-12 09:07:14.077] [error] memory: missing '}' in format string
[2025-08-12 09:07:44.077] [error] memory: missing '}' in format string
[2025-08-12 09:08:14.078] [error] memory: missing '}' in format string
[2025-08-12 09:08:44.078] [error] memory: missing '}' in format string
[2025-08-12 09:09:14.078] [error] memory: missing '}' in format string
[2025-08-12 09:09:44.078] [error] memory: missing '}' in format string
[2025-08-12 09:10:14.079] [error] memory: missing '}' in format string
[2025-08-12 09:10:44.078] [error] memory: missing '}' in format string
[2025-08-12 09:11:14.079] [error] memory: missing '}' in format string
[2025-08-12 09:11:44.079] [error] memory: missing '}' in format string
[2025-08-12 09:12:14.079] [error] memory: missing '}' in format string
Gdk-Message: 09:12:14.866: Unable to load hand2 from the cursor theme
Gdk-Message: 09:12:14.873: Unable to load arrow from the cursor theme
Gdk-Message: 09:12:14.873: Unable to load hand2 from the cursor theme
Gdk-Message: 09:12:14.886: Unable to load arrow from the cursor theme
Gdk-Message: 09:12:14.887: Unable to load hand2 from the cursor theme
Gdk-Message: 09:12:14.893: Unable to load arrow from the cursor theme
Gdk-Message: 09:12:15.186: Unable to load hand2 from the cursor theme
Gdk-Message: 09:12:15.199: Unable to load arrow from the cursor theme
Gdk-Message: 09:12:15.219: Unable to load hand2 from the cursor theme
Gdk-Message: 09:12:15.233: Unable to load arrow from the cursor theme
[2025-08-12 09:12:44.079] [error] memory: missing '}' in format string
[2025-08-12 09:13:14.079] [error] memory: missing '}' in format string
[2025-08-12 09:13:44.079] [error] memory: missing '}' in format string
[2025-08-12 09:14:14.079] [error] memory: missing '}' in format string
[2025-08-12 09:14:44.079] [error] memory: missing '}' in format string
[2025-08-12 09:15:14.080] [error] memory: missing '}' in format string
[2025-08-12 09:15:44.080] [error] memory: missing '}' in format string
[2025-08-12 09:16:14.080] [error] memory: missing '}' in format string
[2025-08-12 09:16:44.080] [error] memory: missing '}' in format string
[2025-08-12 09:17:14.080] [error] memory: missing '}' in format string
[2025-08-12 09:17:44.080] [error] memory: missing '}' in format string
[2025-08-12 09:18:14.080] [error] memory: missing '}' in format string
[2025-08-12 09:18:44.080] [error] memory: missing '}' in format string
[2025-08-12 09:19:14.080] [error] memory: missing '}' in format string
[2025-08-12 09:19:44.081] [error] memory: missing '}' in format string
[2025-08-12 09:20:14.081] [error] memory: missing '}' in format string
[2025-08-12 09:20:44.081] [error] memory: missing '}' in format string
[2025-08-12 09:21:14.081] [error] memory: missing '}' in format string
[2025-08-12 09:21:44.081] [error] memory: missing '}' in format string
[2025-08-12 09:22:14.081] [error] memory: missing '}' in format string
[2025-08-12 09:22:44.081] [error] memory: missing '}' in format string
[2025-08-12 09:23:14.082] [error] memory: missing '}' in format string
[2025-08-12 09:23:44.082] [error] memory: missing '}' in format string
[2025-08-12 09:24:14.082] [error] memory: missing '}' in format string
[2025-08-12 09:24:44.082] [error] memory: missing '}' in format string
[2025-08-12 09:25:14.083] [error] memory: missing '}' in format string
[2025-08-12 09:25:44.083] [error] memory: missing '}' in format string
[2025-08-12 09:26:14.083] [error] memory: missing '}' in format string
[2025-08-12 09:26:44.084] [error] memory: missing '}' in format string
[2025-08-12 09:27:14.084] [error] memory: missing '}' in format string
